SF:lib/common/models/measure/measure.dart
DA:8,3
DA:9,0
DA:10,0
DA:11,0
DA:24,5
DA:28,1
DA:30,1
DA:31,1
DA:32,1
DA:33,3
DA:35,1
DA:40,3
DA:41,21
DA:44,2
DA:45,14
DA:49,3
DA:50,3
DA:51,6
DA:52,2
DA:53,22
DA:54,3
DA:55,24
DA:57,1
DA:63,2
DA:64,2
DA:65,6
DA:66,2
DA:67,22
DA:68,2
DA:69,16
DA:71,1
DA:76,4
DA:78,4
DA:79,12
DA:80,12
DA:81,12
DA:88,0
DA:89,0
DA:91,1
DA:92,3
DA:93,3
DA:94,1
DA:95,3
DA:96,3
DA:97,1
DA:98,1
DA:99,1
DA:100,1
DA:101,4
DA:102,4
DA:106,1
DA:107,4
DA:111,1
DA:119,2
DA:121,6
DA:126,1
DA:127,5
DA:131,1
DA:132,2
DA:134,1
DA:135,3
DA:136,5
DA:138,2
DA:139,7
DA:140,7
DA:143,6
DA:144,6
DA:148,1
DA:149,2
DA:150,6
DA:151,6
DA:153,1
DA:154,1
LF:73
LH:68
end_of_record
SF:lib/common/models/memories/memory.dart
DA:5,0
DA:11,2
DA:13,2
DA:14,2
DA:15,4
DA:16,2
DA:17,2
DA:19,2
DA:23,2
DA:24,2
DA:27,3
DA:28,3
DA:30,1
DA:32,2
LF:14
LH:13
end_of_record
SF:lib/common/constants/constants.dart
DA:9,0
DA:15,0
LF:2
LH:0
end_of_record
SF:lib/common/models/measure/measure_functions.dart
DA:7,2
DA:8,4
DA:18,1
DA:19,2
DA:20,2
DA:26,1
DA:27,1
DA:29,1
DA:30,1
DA:32,1
DA:33,1
DA:36,0
DA:40,1
DA:41,1
DA:43,1
DA:44,1
DA:46,1
DA:47,1
DA:50,0
DA:53,1
DA:57,1
DA:58,5
DA:62,1
DA:64,2
DA:65,2
DA:67,2
DA:71,1
DA:73,2
DA:74,2
DA:76,3
DA:80,1
DA:81,9
DA:85,1
DA:86,1
DA:87,8
DA:88,2
DA:92,1
DA:93,1
DA:94,8
DA:95,1
DA:99,1
DA:100,3
DA:105,1
DA:108,1
DA:109,1
DA:110,1
DA:111,1
DA:113,2
DA:115,1
DA:116,1
DA:117,1
DA:119,3
DA:145,1
DA:146,4
DA:149,2
DA:150,6
DA:151,14
DA:154,1
DA:155,2
DA:156,7
DA:159,2
DA:160,8
DA:161,8
DA:162,12
DA:165,1
DA:166,3
DA:167,3
DA:168,1
DA:169,1
DA:172,4
DA:173,1
DA:175,1
DA:176,1
DA:178,1
DA:179,4
DA:181,4
DA:185,1
DA:186,1
DA:188,1
DA:189,5
DA:191,5
DA:195,6
DA:198,1
DA:199,3
DA:200,3
DA:201,1
DA:202,1
DA:205,4
DA:206,1
DA:208,1
DA:209,1
DA:211,1
DA:212,4
DA:214,4
DA:218,1
DA:219,1
DA:221,1
DA:222,5
DA:224,5
DA:228,6
DA:231,1
DA:232,1
DA:235,1
DA:236,1
DA:239,2
DA:240,2
DA:243,1
DA:244,1
DA:247,1
DA:248,1
DA:251,1
DA:252,1
DA:255,1
DA:256,1
DA:259,1
DA:260,1
DA:266,2
DA:267,6
DA:270,2
DA:271,2
DA:274,2
DA:275,4
DA:285,2
DA:286,8
DA:287,1
DA:289,2
DA:293,1
DA:294,4
DA:295,1
DA:297,1
DA:301,2
DA:302,10
DA:303,2
DA:304,4
DA:305,4
DA:306,3
DA:307,2
DA:309,2
DA:313,2
DA:314,8
DA:315,2
DA:316,2
DA:317,2
DA:318,2
DA:319,1
DA:321,1
DA:331,2
DA:332,2
DA:333,1
DA:334,2
DA:335,4
DA:337,1
DA:343,2
DA:344,2
DA:345,1
DA:346,2
DA:347,2
DA:349,1
DA:354,2
DA:355,2
DA:356,2
DA:357,2
DA:358,4
DA:360,1
DA:365,2
DA:366,2
DA:367,2
DA:368,2
DA:369,2
DA:371,1
DA:376,2
DA:377,2
DA:378,2
DA:379,2
DA:380,4
DA:382,1
DA:387,2
DA:390,2
DA:391,2
DA:392,1
DA:393,2
DA:394,2
DA:396,1
DA:401,1
DA:402,1
DA:403,2
DA:404,1
DA:405,2
DA:407,1
DA:412,1
DA:413,1
DA:414,1
DA:415,1
DA:416,2
DA:418,1
DA:423,1
DA:424,1
DA:425,1
DA:426,1
DA:427,1
DA:429,1
DA:434,2
DA:435,2
DA:436,1
DA:437,2
DA:438,2
DA:440,1
DA:447,2
DA:448,6
DA:449,2
DA:451,1
DA:452,1
DA:453,1
DA:454,1
DA:455,1
DA:456,1
DA:458,0
DA:460,2
DA:461,6
DA:462,4
DA:464,0
DA:467,0
DA:472,2
DA:473,2
DA:477,2
DA:478,2
DA:482,2
DA:483,2
DA:486,1
DA:488,1
DA:490,1
DA:491,1
DA:493,1
DA:494,1
DA:496,1
DA:497,1
DA:500,0
DA:502,1
DA:503,2
DA:504,2
DA:506,0
DA:509,0
DA:511,3
DA:515,1
DA:516,1
DA:520,1
DA:521,1
DA:525,1
DA:526,1
LF:249
LH:241
end_of_record
SF:lib/common/singletons/app_settings.dart
DA:6,2
DA:7,6
DA:8,4
DA:10,2
DA:11,4
DA:12,4
DA:13,4
DA:14,6
DA:15,4
DA:16,4
DA:17,4
DA:28,0
DA:29,0
DA:30,0
DA:31,0
DA:32,0
DA:33,0
DA:35,0
DA:39,3
DA:40,3
DA:42,3
DA:43,3
DA:45,0
DA:46,0
DA:47,0
DA:48,0
DA:51,0
DA:52,0
DA:53,0
DA:56,6
DA:57,0
DA:58,10
DA:59,0
DA:61,0
DA:62,0
LF:35
LH:17
end_of_record
SF:lib/common/models/memories/app_memories.dart
DA:19,2
DA:20,6
DA:21,6
DA:25,0
DA:27,1
DA:28,1
DA:31,1
DA:32,2
DA:33,2
DA:34,1
DA:35,3
DA:38,1
DA:41,4
DA:43,4
DA:45,1
DA:48,3
DA:49,3
DA:51,1
LF:18
LH:17
end_of_record
SF:lib/common/models/math_expression/function_map.dart
DA:28,2
DA:34,0
DA:35,0
DA:36,0
DA:38,0
DA:42,0
DA:44,0
LF:7
LH:1
end_of_record
SF:lib/common/models/math_expression/math_expression.dart
DA:10,1
DA:11,0
DA:12,0
DA:13,0
DA:24,2
DA:26,1
DA:30,2
DA:34,1
DA:35,1
DA:39,1
DA:40,1
DA:41,1
DA:42,1
DA:43,3
DA:44,3
DA:46,3
DA:49,1
DA:55,3
DA:56,1
DA:58,1
DA:59,2
DA:60,1
DA:61,1
DA:64,2
DA:68,1
DA:75,1
DA:76,2
DA:79,2
DA:82,1
DA:87,1
DA:90,3
DA:93,2
DA:96,2
DA:97,1
DA:98,4
DA:99,1
DA:101,3
DA:106,1
DA:107,1
DA:109,1
DA:110,1
DA:112,1
DA:116,1
DA:119,1
DA:124,1
DA:130,1
DA:133,1
DA:138,1
DA:140,1
DA:142,2
DA:145,2
DA:148,1
DA:151,1
DA:165,1
DA:167,1
DA:169,1
DA:171,1
DA:174,3
DA:175,1
DA:176,1
DA:178,2
DA:179,2
DA:181,1
DA:182,2
DA:184,5
DA:185,3
DA:186,2
DA:190,1
DA:191,1
DA:193,5
DA:194,3
DA:195,2
DA:199,2
DA:201,2
DA:202,2
DA:205,0
DA:208,0
DA:212,1
DA:218,1
DA:219,1
DA:223,2
DA:224,1
DA:226,1
DA:227,1
DA:230,1
DA:232,1
DA:235,3
DA:236,1
DA:238,1
DA:240,1
DA:241,1
DA:243,1
DA:244,1
DA:247,2
DA:248,1
DA:251,0
DA:252,0
DA:256,1
DA:258,1
DA:266,1
DA:267,1
DA:269,1
DA:271,2
DA:272,5
DA:273,3
DA:274,2
DA:276,1
DA:284,1
DA:285,1
DA:287,1
DA:289,2
DA:290,1
DA:291,0
DA:293,1
DA:300,0
DA:302,0
LF:116
LH:106
end_of_record
