SF:lib/common/models/measure/measure.dart
DA:8,3
DA:9,0
DA:10,0
DA:11,0
DA:24,2
DA:28,1
DA:30,1
DA:31,1
DA:32,1
DA:33,3
DA:35,1
DA:40,2
DA:41,14
DA:44,2
DA:45,14
DA:49,2
DA:50,2
DA:51,6
DA:52,2
DA:53,22
DA:54,2
DA:55,16
DA:57,1
DA:63,2
DA:64,2
DA:65,6
DA:66,2
DA:67,22
DA:68,2
DA:69,16
DA:71,1
DA:76,2
DA:78,2
DA:79,6
DA:80,6
DA:81,6
DA:88,0
DA:89,0
DA:91,1
DA:92,3
DA:93,3
DA:94,1
DA:95,3
DA:96,3
DA:97,1
DA:98,1
DA:99,1
DA:100,1
DA:101,4
DA:102,4
DA:106,1
DA:107,4
DA:111,1
DA:119,1
DA:121,3
DA:126,1
DA:127,5
DA:131,1
DA:132,2
DA:134,1
DA:135,3
DA:136,5
DA:138,2
DA:139,7
DA:140,7
DA:143,6
DA:144,6
DA:148,1
DA:149,2
DA:150,6
DA:151,6
DA:153,1
DA:154,1
LF:73
LH:68
end_of_record
SF:lib/common/constants/constants.dart
DA:9,0
DA:15,0
LF:2
LH:0
end_of_record
SF:lib/common/models/measure/measure_functions.dart
DA:7,1
DA:8,2
DA:18,1
DA:19,2
DA:20,2
DA:26,1
DA:27,1
DA:29,1
DA:30,1
DA:32,1
DA:33,1
DA:36,0
DA:40,1
DA:41,1
DA:43,1
DA:44,1
DA:46,1
DA:47,1
DA:50,0
DA:53,1
DA:57,1
DA:58,5
DA:62,1
DA:64,2
DA:65,2
DA:67,2
DA:71,1
DA:73,2
DA:74,2
DA:76,3
DA:80,1
DA:81,9
DA:85,1
DA:86,1
DA:87,8
DA:88,2
DA:92,1
DA:93,1
DA:94,8
DA:95,1
DA:99,1
DA:100,3
DA:105,1
DA:108,1
DA:109,1
DA:110,1
DA:111,1
DA:113,2
DA:115,1
DA:116,1
DA:117,1
DA:119,3
DA:145,1
DA:146,4
DA:149,1
DA:150,3
DA:151,7
DA:154,1
DA:155,2
DA:156,7
DA:159,1
DA:160,4
DA:161,4
DA:162,6
DA:165,1
DA:166,3
DA:167,3
DA:168,1
DA:169,1
DA:172,4
DA:173,1
DA:175,1
DA:176,1
DA:178,1
DA:179,4
DA:181,4
DA:185,1
DA:186,1
DA:188,1
DA:189,5
DA:191,5
DA:195,6
DA:198,1
DA:199,3
DA:200,3
DA:201,1
DA:202,1
DA:205,4
DA:206,1
DA:208,1
DA:209,1
DA:211,1
DA:212,4
DA:214,4
DA:218,1
DA:219,1
DA:221,1
DA:222,5
DA:224,5
DA:228,6
DA:231,1
DA:232,1
DA:235,1
DA:236,1
DA:239,1
DA:240,1
DA:243,1
DA:244,1
DA:247,1
DA:248,1
DA:251,1
DA:252,1
DA:255,1
DA:256,1
DA:259,1
DA:260,1
DA:266,1
DA:267,3
DA:270,1
DA:271,1
DA:274,2
DA:275,4
DA:285,2
DA:286,7
DA:287,1
DA:289,2
DA:293,1
DA:294,4
DA:295,1
DA:297,1
DA:301,2
DA:302,10
DA:303,2
DA:304,4
DA:305,2
DA:306,3
DA:307,2
DA:309,2
DA:313,2
DA:314,8
DA:315,2
DA:316,2
DA:317,2
DA:318,2
DA:319,1
DA:321,1
DA:331,1
DA:332,1
DA:333,1
DA:334,1
DA:335,2
DA:337,1
DA:343,1
DA:344,1
DA:345,1
DA:346,1
DA:347,1
DA:349,1
DA:354,1
DA:355,1
DA:356,1
DA:357,1
DA:358,2
DA:360,1
DA:365,1
DA:366,1
DA:367,1
DA:368,1
DA:369,1
DA:371,1
DA:376,1
DA:377,1
DA:378,2
DA:379,1
DA:380,2
DA:382,1
DA:387,2
DA:390,1
DA:391,1
DA:392,1
DA:393,1
DA:394,1
DA:396,1
DA:401,1
DA:402,1
DA:403,2
DA:404,1
DA:405,2
DA:407,1
DA:412,1
DA:413,1
DA:414,1
DA:415,1
DA:416,2
DA:418,1
DA:423,1
DA:424,1
DA:425,1
DA:426,1
DA:427,1
DA:429,1
DA:434,1
DA:435,1
DA:436,1
DA:437,1
DA:438,1
DA:440,1
DA:447,1
DA:448,3
DA:449,1
DA:451,1
DA:452,1
DA:453,1
DA:454,1
DA:455,1
DA:456,1
DA:458,0
DA:460,1
DA:461,3
DA:462,2
DA:464,0
DA:467,0
DA:472,1
DA:473,1
DA:477,1
DA:478,1
DA:482,1
DA:483,1
DA:486,1
DA:488,1
DA:490,1
DA:491,1
DA:493,1
DA:494,1
DA:496,1
DA:497,1
DA:500,0
DA:502,1
DA:503,2
DA:504,2
DA:506,0
DA:509,0
DA:511,3
DA:515,1
DA:516,1
DA:520,1
DA:521,1
DA:525,1
DA:526,1
LF:249
LH:241
end_of_record
SF:lib/common/singletons/app_settings.dart
DA:6,1
DA:7,3
DA:8,2
DA:10,1
DA:11,2
DA:12,2
DA:13,2
DA:14,3
DA:15,2
DA:16,2
DA:17,2
DA:28,0
DA:29,0
DA:30,0
DA:31,0
DA:32,0
DA:33,0
DA:35,0
DA:39,3
DA:40,3
DA:42,3
DA:43,3
DA:45,0
DA:46,0
DA:47,0
DA:48,0
DA:51,0
DA:52,0
DA:53,0
DA:56,3
DA:57,0
DA:58,5
DA:59,0
DA:61,0
DA:62,0
LF:35
LH:17
end_of_record
SF:lib/common/models/math_expression/function_map.dart
DA:28,2
DA:34,0
DA:35,0
DA:36,0
DA:38,0
DA:42,0
DA:44,0
LF:7
LH:1
end_of_record
SF:lib/common/models/math_expression/math_expression.dart
DA:7,1
DA:8,0
DA:9,0
DA:10,0
DA:21,2
DA:23,1
DA:27,2
DA:31,1
DA:32,1
DA:36,1
DA:37,1
DA:38,1
DA:39,1
DA:40,2
DA:42,3
DA:45,1
DA:51,3
DA:52,1
DA:54,1
DA:55,2
DA:56,1
DA:57,1
DA:60,2
DA:64,1
DA:71,1
DA:72,2
DA:75,2
DA:78,1
DA:83,1
DA:86,3
DA:89,3
DA:93,1
DA:94,1
DA:97,1
DA:105,1
DA:111,1
DA:114,1
DA:119,1
DA:121,1
DA:123,2
DA:126,2
DA:129,1
DA:132,1
DA:146,1
DA:148,3
DA:149,1
DA:150,1
DA:152,2
DA:153,2
DA:155,1
DA:156,2
DA:158,5
DA:159,3
DA:160,2
DA:164,1
DA:165,1
DA:167,5
DA:168,3
DA:169,2
DA:173,2
DA:175,1
DA:178,0
DA:180,0
LF:63
LH:58
end_of_record
